[04-Jul-2025 10:12:17 UTC] PHP Warning:  require(footerphp): Failed to open stream: No such file or directory in /Applications/MAMP/htdocs/WEBサービス部OP/signup.php on line 82
[04-Jul-2025 10:12:17 UTC] PHP Fatal error:  Uncaught Error: Failed opening required 'footerphp' (include_path='.:/Applications/MAMP/bin/php/php8.3.14/lib/php') in /Applications/MAMP/htdocs/WEBサービス部OP/signup.php:82
Stack trace:
#0 {main}
  thrown in /Applications/MAMP/htdocs/WEBサービス部OP/signup.php on line 82
[04-Jul-2025 10:12:19 UTC] PHP Warning:  require(footerphp): Failed to open stream: No such file or directory in /Applications/MAMP/htdocs/WEBサービス部OP/signup.php on line 82
[04-Jul-2025 10:12:19 UTC] PHP Fatal error:  Uncaught Error: Failed opening required 'footerphp' (include_path='.:/Applications/MAMP/bin/php/php8.3.14/lib/php') in /Applications/MAMP/htdocs/WEBサービス部OP/signup.php:82
Stack trace:
#0 {main}
  thrown in /Applications/MAMP/htdocs/WEBサービス部OP/signup.php on line 82
[04-Jul-2025 10:12:20 UTC] PHP Warning:  require(footerphp): Failed to open stream: No such file or directory in /Applications/MAMP/htdocs/WEBサービス部OP/signup.php on line 82
[04-Jul-2025 10:12:20 UTC] PHP Fatal error:  Uncaught Error: Failed opening required 'footerphp' (include_path='.:/Applications/MAMP/bin/php/php8.3.14/lib/php') in /Applications/MAMP/htdocs/WEBサービス部OP/signup.php:82
Stack trace:
#0 {main}
  thrown in /Applications/MAMP/htdocs/WEBサービス部OP/signup.php on line 82
[04-Jul-2025 10:12:21 UTC] PHP Warning:  require(footerphp): Failed to open stream: No such file or directory in /Applications/MAMP/htdocs/WEBサービス部OP/signup.php on line 82
[04-Jul-2025 10:12:21 UTC] PHP Fatal error:  Uncaught Error: Failed opening required 'footerphp' (include_path='.:/Applications/MAMP/bin/php/php8.3.14/lib/php') in /Applications/MAMP/htdocs/WEBサービス部OP/signup.php:82
Stack trace:
#0 {main}
  thrown in /Applications/MAMP/htdocs/WEBサービス部OP/signup.php on line 82
[04-Jul-2025 14:07:33 UTC] デバッグだぜ？
[04-Jul-2025 14:08:21 UTC] 変数の値:111
[04-Jul-2025 14:09:44 UTC] 「「「「「「「「「「「「「「「「「「「「「「「「「
[04-Jul-2025 14:09:44 UTC] 「ユーザー機能画面処理開始
[04-Jul-2025 14:09:44 UTC] 「「「「「「「「「「「「「「「「「「「「「「「「「
[04-Jul-2025 14:12:20 UTC] 「「「「「「「「「「「「「「「「「「「「「「「「「
[04-Jul-2025 14:12:20 UTC] 「ユーザー機能画面処理開始
[04-Jul-2025 14:12:20 UTC] 「「「「「「「「「「「「「「「「「「「「「「「「「
[04-Jul-2025 14:12:20 UTC] POST送信があります.
[04-Jul-2025 14:12:25 UTC] 「「「「「「「「「「「「「「「「「「「「「「「「「
[04-Jul-2025 14:12:25 UTC] 「ユーザー機能画面処理開始
[04-Jul-2025 14:12:25 UTC] 「「「「「「「「「「「「「「「「「「「「「「「「「
[04-Jul-2025 14:12:25 UTC] POST送信があります.
[04-Jul-2025 14:13:26 UTC] エラー変数:1
[04-Jul-2025 14:13:26 UTC] 「「「「「「「「「「「「「「「「「「「「「「「「「
[04-Jul-2025 14:13:26 UTC] 「ユーザー機能画面処理開始
[04-Jul-2025 14:13:26 UTC] 「「「「「「「「「「「「「「「「「「「「「「「「「
[04-Jul-2025 14:13:26 UTC] POST送信があります.
[04-Jul-2025 14:13:40 UTC] PHP Warning:  Array to string conversion in /Applications/MAMP/htdocs/WEBサービス部OP/signup.php on line 36
[04-Jul-2025 14:13:40 UTC] エラー変数:Array
[04-Jul-2025 14:13:40 UTC] 「「「「「「「「「「「「「「「「「「「「「「「「「
[04-Jul-2025 14:13:40 UTC] 「ユーザー機能画面処理開始
[04-Jul-2025 14:13:40 UTC] 「「「「「「「「「「「「「「「「「「「「「「「「「
[04-Jul-2025 14:13:40 UTC] POST送信があります.
[04-Jul-2025 14:14:00 UTC] エラー変数:1
[04-Jul-2025 14:14:00 UTC] 「「「「「「「「「「「「「「「「「「「「「「「「「
[04-Jul-2025 14:14:00 UTC] 「ユーザー機能画面処理開始
[04-Jul-2025 14:14:00 UTC] 「「「「「「「「「「「「「「「「「「「「「「「「「
[04-Jul-2025 14:14:00 UTC] POST送信があります.
[04-Jul-2025 14:14:51 UTC] エラー変数:Array
(
)

[04-Jul-2025 14:14:51 UTC] 「「「「「「「「「「「「「「「「「「「「「「「「「
[04-Jul-2025 14:14:51 UTC] 「ユーザー機能画面処理開始
[04-Jul-2025 14:14:51 UTC] 「「「「「「「「「「「「「「「「「「「「「「「「「
[04-Jul-2025 14:14:51 UTC] POST送信があります.
[04-Jul-2025 14:21:20 UTC] エラー変数:Array
(
)

[04-Jul-2025 14:21:20 UTC] 「「「「「「「「「「「「「「「「「「「「「「「「「
[04-Jul-2025 14:21:20 UTC] 「ユーザー機能画面処理開始
[04-Jul-2025 14:21:20 UTC] 「「「「「「「「「「「「「「「「「「「「「「「「「
[04-Jul-2025 14:21:22 UTC] エラー変数:Array
(
)

[04-Jul-2025 14:21:22 UTC] 「「「「「「「「「「「「「「「「「「「「「「「「「
[04-Jul-2025 14:21:22 UTC] 「ユーザー機能画面処理開始
[04-Jul-2025 14:21:22 UTC] 「「「「「「「「「「「「「「「「「「「「「「「「「
[04-Jul-2025 14:21:22 UTC] POST送信があります.
[04-Jul-2025 14:21:51 UTC] エラー変数:Array
(
)

[04-Jul-2025 14:21:51 UTC] 「「「「「「「「「「「「「「「「「「「「「「「「「
[04-Jul-2025 14:21:51 UTC] 「ユーザー機能画面処理開始
[04-Jul-2025 14:21:51 UTC] 「「「「「「「「「「「「「「「「「「「「「「「「「
[04-Jul-2025 14:21:52 UTC] エラー変数:Array
(
)

[04-Jul-2025 14:21:52 UTC] 「「「「「「「「「「「「「「「「「「「「「「「「「
[04-Jul-2025 14:21:52 UTC] 「ユーザー機能画面処理開始
[04-Jul-2025 14:21:52 UTC] 「「「「「「「「「「「「「「「「「「「「「「「「「
[04-Jul-2025 14:21:52 UTC] POST送信があります.
[04-Jul-2025 14:32:33 UTC] エラー変数:Array
(
)

[04-Jul-2025 14:32:33 UTC] 「「「「「「「「「「「「「「「「「「「「「「「「「
[04-Jul-2025 14:32:33 UTC] 「ユーザー機能画面処理開始
[04-Jul-2025 14:32:33 UTC] 「「「「「「「「「「「「「「「「「「「「「「「「「
[04-Jul-2025 14:32:38 UTC] エラー変数:Array
(
)

[04-Jul-2025 14:32:38 UTC] 「「「「「「「「「「「「「「「「「「「「「「「「「
[04-Jul-2025 14:32:38 UTC] 「ユーザー機能画面処理開始
[04-Jul-2025 14:32:38 UTC] 「「「「「「「「「「「「「「「「「「「「「「「「「
[04-Jul-2025 14:32:38 UTC] POST送信があります.
[04-Jul-2025 14:33:24 UTC] エラー変数:Array
(
)

[04-Jul-2025 14:33:24 UTC] 「「「「「「「「「「「「「「「「「「「「「「「「「
[04-Jul-2025 14:33:24 UTC] 「ユーザー機能画面処理開始
[04-Jul-2025 14:33:24 UTC] 「「「「「「「「「「「「「「「「「「「「「「「「「
[04-Jul-2025 14:33:24 UTC] POST送信があります.
[04-Jul-2025 14:33:38 UTC] エラー変数:Array
(
)

[04-Jul-2025 14:33:38 UTC] 「「「「「「「「「「「「「「「「「「「「「「「「「
[04-Jul-2025 14:33:38 UTC] 「ユーザー機能画面処理開始
[04-Jul-2025 14:33:38 UTC] 「「「「「「「「「「「「「「「「「「「「「「「「「
[04-Jul-2025 14:33:38 UTC] POST送信があります.
[04-Jul-2025 14:33:38 UTC] 未入力OK
[04-Jul-2025 14:39:33 UTC] エラー変数:Array
(
)

[04-Jul-2025 14:39:33 UTC] 「「「「「「「「「「「「「「「「「「「「「「「「「
[04-Jul-2025 14:39:33 UTC] 「ユーザー機能画面処理開始
[04-Jul-2025 14:39:33 UTC] 「「「「「「「「「「「「「「「「「「「「「「「「「
[04-Jul-2025 14:39:33 UTC] POST送信があります.
[04-Jul-2025 14:39:39 UTC] エラー変数:Array
(
)

[04-Jul-2025 14:39:39 UTC] 「「「「「「「「「「「「「「「「「「「「「「「「「
[04-Jul-2025 14:39:39 UTC] 「ユーザー機能画面処理開始
[04-Jul-2025 14:39:39 UTC] 「「「「「「「「「「「「「「「「「「「「「「「「「
[04-Jul-2025 14:40:03 UTC] エラー変数:Array
(
)

[04-Jul-2025 14:40:03 UTC] 「「「「「「「「「「「「「「「「「「「「「「「「「
[04-Jul-2025 14:40:03 UTC] 「ユーザー機能画面処理開始
[04-Jul-2025 14:40:03 UTC] 「「「「「「「「「「「「「「「「「「「「「「「「「
[04-Jul-2025 14:40:03 UTC] POST送信があります.
[04-Jul-2025 14:43:35 UTC] エラー変数:Array
(
)

[04-Jul-2025 14:43:35 UTC] 「「「「「「「「「「「「「「「「「「「「「「「「「
[04-Jul-2025 14:43:35 UTC] 「ユーザー機能画面処理開始
[04-Jul-2025 14:43:35 UTC] 「「「「「「「「「「「「「「「「「「「「「「「「「
[04-Jul-2025 14:43:35 UTC] POST送信があります.
[04-Jul-2025 14:43:40 UTC] エラー変数:Array
(
)

[04-Jul-2025 14:43:40 UTC] 「「「「「「「「「「「「「「「「「「「「「「「「「
[04-Jul-2025 14:43:40 UTC] 「ユーザー機能画面処理開始
[04-Jul-2025 14:43:40 UTC] 「「「「「「「「「「「「「「「「「「「「「「「「「
[04-Jul-2025 14:43:40 UTC] POST送信があります.
[04-Jul-2025 14:43:47 UTC] エラー変数:Array
(
)

[04-Jul-2025 14:43:47 UTC] 「「「「「「「「「「「「「「「「「「「「「「「「「
[04-Jul-2025 14:43:47 UTC] 「ユーザー機能画面処理開始
[04-Jul-2025 14:43:47 UTC] 「「「「「「「「「「「「「「「「「「「「「「「「「
[04-Jul-2025 14:43:47 UTC] POST送信があります.
[04-Jul-2025 14:44:07 UTC] エラー変数:Array
(
)

[04-Jul-2025 14:44:07 UTC] 「「「「「「「「「「「「「「「「「「「「「「「「「
[04-Jul-2025 14:44:07 UTC] 「ユーザー機能画面処理開始
[04-Jul-2025 14:44:07 UTC] 「「「「「「「「「「「「「「「「「「「「「「「「「
[04-Jul-2025 14:44:07 UTC] POST送信があります.
[04-Jul-2025 14:49:45 UTC] エラー変数:Array
(
)

[04-Jul-2025 14:49:45 UTC] 「「「「「「「「「「「「「「「「「「「「「「「「「
[04-Jul-2025 14:49:45 UTC] 「ユーザー機能画面処理開始
[04-Jul-2025 14:49:45 UTC] 「「「「「「「「「「「「「「「「「「「「「「「「「
[04-Jul-2025 14:49:54 UTC] エラー変数:Array
(
)

[04-Jul-2025 14:49:54 UTC] 「「「「「「「「「「「「「「「「「「「「「「「「「
[04-Jul-2025 14:49:54 UTC] 「ユーザー機能画面処理開始
[04-Jul-2025 14:49:54 UTC] 「「「「「「「「「「「「「「「「「「「「「「「「「
[04-Jul-2025 14:49:54 UTC] POST送信があります.
[04-Jul-2025 14:50:15 UTC] エラー変数:Array
(
)

[04-Jul-2025 14:50:15 UTC] 「「「「「「「「「「「「「「「「「「「「「「「「「
[04-Jul-2025 14:50:15 UTC] 「ユーザー機能画面処理開始
[04-Jul-2025 14:50:15 UTC] 「「「「「「「「「「「「「「「「「「「「「「「「「
[04-Jul-2025 14:50:15 UTC] POST送信があります.
[04-Jul-2025 14:50:55 UTC] 「「「「「「「「「「「「「「「「「「「「「「「「「
[04-Jul-2025 14:50:55 UTC] 「ユーザー機能画面処理開始
[04-Jul-2025 14:50:55 UTC] 「「「「「「「「「「「「「「「「「「「「「「「「「
[04-Jul-2025 14:50:55 UTC] POST送信があります.
[04-Jul-2025 14:51:20 UTC] 「「「「「「「「「「「「「「「「「「「「「「「「「
[04-Jul-2025 14:51:20 UTC] 「ユーザー機能画面処理開始
[04-Jul-2025 14:51:20 UTC] 「「「「「「「「「「「「「「「「「「「「「「「「「
[04-Jul-2025 14:51:20 UTC] POST送信があります.
[04-Jul-2025 14:52:53 UTC] 「「「「「「「「「「「「「「「「「「「「「「「「「
[04-Jul-2025 14:52:53 UTC] 「ユーザー機能画面処理開始
[04-Jul-2025 14:52:53 UTC] 「「「「「「「「「「「「「「「「「「「「「「「「「
[04-Jul-2025 14:52:53 UTC] POST送信があります.
[04-Jul-2025 14:53:35 UTC] 「「「「「「「「「「「「「「「「「「「「「「「「「
[04-Jul-2025 14:53:35 UTC] 「ユーザー機能画面処理開始
[04-Jul-2025 14:53:35 UTC] 「「「「「「「「「「「「「「「「「「「「「「「「「
[04-Jul-2025 14:53:35 UTC] POST送信があります.
[04-Jul-2025 14:53:35 UTC] passの中身1:1
[04-Jul-2025 14:53:35 UTC] passの中身2:1
[04-Jul-2025 14:54:23 UTC] 「「「「「「「「「「「「「「「「「「「「「「「「「
[04-Jul-2025 14:54:23 UTC] 「ユーザー機能画面処理開始
[04-Jul-2025 14:54:23 UTC] 「「「「「「「「「「「「「「「「「「「「「「「「「
[04-Jul-2025 14:54:23 UTC] POST送信があります.
[04-Jul-2025 14:54:30 UTC] 「「「「「「「「「「「「「「「「「「「「「「「「「
[04-Jul-2025 14:54:30 UTC] 「ユーザー機能画面処理開始
[04-Jul-2025 14:54:30 UTC] 「「「「「「「「「「「「「「「「「「「「「「「「「
[04-Jul-2025 14:54:30 UTC] POST送信があります.
[04-Jul-2025 14:54:30 UTC] passの中身1:1
[04-Jul-2025 14:54:30 UTC] passの中身2:1
[04-Jul-2025 14:54:30 UTC] PHP Warning:  Array to string conversion in /Applications/MAMP/htdocs/WEBサービス部OP/signup.php on line 108
[04-Jul-2025 14:54:30 UTC] エラーフラグの中身1:Array
[04-Jul-2025 14:55:05 UTC] 「「「「「「「「「「「「「「「「「「「「「「「「「
[04-Jul-2025 14:55:05 UTC] 「ユーザー機能画面処理開始
[04-Jul-2025 14:55:05 UTC] 「「「「「「「「「「「「「「「「「「「「「「「「「
[04-Jul-2025 14:55:05 UTC] POST送信があります.
[04-Jul-2025 14:55:05 UTC] passの中身1:3
[04-Jul-2025 14:55:05 UTC] passの中身2:3
[04-Jul-2025 14:55:05 UTC] エラーフラグの中身1:Array
(
)

[04-Jul-2025 14:58:17 UTC] 「「「「「「「「「「「「「「「「「「「「「「「「「
[04-Jul-2025 14:58:17 UTC] 「ユーザー機能画面処理開始
[04-Jul-2025 14:58:17 UTC] 「「「「「「「「「「「「「「「「「「「「「「「「「
[04-Jul-2025 14:58:24 UTC] 「「「「「「「「「「「「「「「「「「「「「「「「「
[04-Jul-2025 14:58:24 UTC] 「ユーザー機能画面処理開始
[04-Jul-2025 14:58:24 UTC] 「「「「「「「「「「「「「「「「「「「「「「「「「
[04-Jul-2025 14:58:24 UTC] POST送信があります.
[04-Jul-2025 14:58:24 UTC] passの中身1:1
[04-Jul-2025 15:01:15 UTC] 「「「「「「「「「「「「「「「「「「「「「「「「「
[04-Jul-2025 15:01:15 UTC] 「ユーザー機能画面処理開始
[04-Jul-2025 15:01:15 UTC] 「「「「「「「「「「「「「「「「「「「「「「「「「
[04-Jul-2025 15:01:15 UTC] POST送信があります.
[04-Jul-2025 15:01:15 UTC] passの中身1:1
[04-Jul-2025 15:01:17 UTC] 「「「「「「「「「「「「「「「「「「「「「「「「「
[04-Jul-2025 15:01:17 UTC] 「ユーザー機能画面処理開始
[04-Jul-2025 15:01:17 UTC] 「「「「「「「「「「「「「「「「「「「「「「「「「
[04-Jul-2025 15:01:29 UTC] 「「「「「「「「「「「「「「「「「「「「「「「「「
[04-Jul-2025 15:01:29 UTC] 「ユーザー機能画面処理開始
[04-Jul-2025 15:01:29 UTC] 「「「「「「「「「「「「「「「「「「「「「「「「「
[04-Jul-2025 15:01:29 UTC] POST送信があります.
[04-Jul-2025 15:01:29 UTC] passの中身1:1234567
